<?xml version="1.0" encoding="UTF-8"?>
<!-- Generated by org.testng.reporters.JUnitXMLReporter -->
<testsuite hostname="Admin-PC" ignored="3" name="Default test" tests="6" failures="0" timestamp="29 Mar 2020 09:16:05 GMT" time="86.953" errors="0">
  <testcase name="Tc_02" time="19.16" classname="com.Testcase.Test_regression"/>
  <testcase name="showdata" time="0.004" classname="com.Testcase.Test_regression"/>
  <testcase name="showdata" time="0.003" classname="com.Testcase.Test_regression"/>
  <testcase name="showdata" time="0.003" classname="com.Testcase.Test_regression"/>
  <testcase name="Tc_04" time="18.579" classname="com.Testcase.Test_regression"/>
  <testcase name="Tc_05" time="11.738" classname="com.Testcase.Test_regression"/>
  <testcase name="Tc_03" time="0.0" classname="com.Testcase.Test_regression">
    <ignored/>
  </testcase> <!-- Tc_03 -->
  <testcase name="Tc_06" time="0.0" classname="com.Testcase.Test_regression">
    <ignored/>
  </testcase> <!-- Tc_06 -->
  <testcase name="Tc_07" time="0.0" classname="com.Testcase.Test_regression">
    <ignored/>
  </testcase> <!-- Tc_07 -->
</testsuite> <!-- Default test -->
