<?xml version="1.0" encoding="UTF-8"?>
<!-- Generated by org.testng.reporters.JUnitXMLReporter -->
<testsuite hostname="Admin-PC" ignored="8" name="Test" tests="3" failures="0" timestamp="30 Mar 2020 11:44:39 GMT" time="20.585" errors="0">
  <testcase name="showdata" time="0.021" classname="com.Testcase.Showusernamepassword"/>
  <testcase name="showdata" time="0.006" classname="com.Testcase.Showusernamepassword"/>
  <testcase name="showdata" time="0.005" classname="com.Testcase.Showusernamepassword"/>
  <testcase name="Tc_02" time="0.0" classname="com.Testcase.Test_regression">
    <ignored/>
  </testcase> <!-- Tc_02 -->
  <testcase name="Tc_04" time="0.0" classname="com.Testcase.Test_regression">
    <ignored/>
  </testcase> <!-- Tc_04 -->
  <testcase name="Tc_03" time="0.0" classname="com.Testcase.Test_regression">
    <ignored/>
  </testcase> <!-- Tc_03 -->
  <testcase name="Tc_06" time="0.0" classname="com.Testcase.Test_regression">
    <ignored/>
  </testcase> <!-- Tc_06 -->
  <testcase name="Tc_05" time="0.0" classname="com.Testcase.Test_regression">
    <ignored/>
  </testcase> <!-- Tc_05 -->
  <testcase name="Tc_08" time="0.0" classname="com.Testcase.Test_regression">
    <ignored/>
  </testcase> <!-- Tc_08 -->
  <testcase name="Tc_07" time="0.0" classname="com.Testcase.Test_regression">
    <ignored/>
  </testcase> <!-- Tc_07 -->
  <testcase name="Tc_10" time="0.0" classname="com.Testcase.Test_regression">
    <ignored/>
  </testcase> <!-- Tc_10 -->
</testsuite> <!-- Test -->
