<?xml version="1.0" encoding="UTF-8"?>
<testng-results skipped="0" failed="0" ignored="8" total="10" passed="2">
  <reporter-output>
  </reporter-output>
  <suite name="Default suite" duration-ms="23002" started-at="2020-04-04T08:47:58Z" finished-at="2020-04-04T08:48:21Z">
    <groups>
    </groups>
    <test name="Default test" duration-ms="23002" started-at="2020-04-04T08:47:58Z" finished-at="2020-04-04T08:48:21Z">
      <class name="com.Testcase.Test_regression">
        <test-method status="PASS" signature="Tc_01()[pri:0, instance:com.Testcase.Test_regression@2b6856dd]" name="Tc_01" is-config="true" duration-ms="12802" started-at="2020-04-04T08:47:58Z" finished-at="2020-04-04T08:48:11Z">
          <reporter-output>
          </reporter-output>
        </test-method> <!-- Tc_01 -->
        <test-method status="PASS" signature="startTest()[pri:0, instance:com.Testcase.Test_regression@2b6856dd]" name="startTest" is-config="true" duration-ms="1215" started-at="2020-04-04T08:48:11Z" finished-at="2020-04-04T08:48:12Z">
          <reporter-output>
          </reporter-output>
        </test-method> <!-- startTest -->
        <test-method status="PASS" signature="Signclick()[pri:1, instance:com.Testcase.Test_regression@2b6856dd]" name="Signclick" duration-ms="1899" started-at="2020-04-04T08:48:12Z" finished-at="2020-04-04T08:48:14Z">
          <reporter-output>
          </reporter-output>
        </test-method> <!-- Signclick -->
        <test-method status="PASS" signature="Tc_02()[pri:2, instance:com.Testcase.Test_regression@2b6856dd]" name="Tc_02" duration-ms="7018" started-at="2020-04-04T08:48:14Z" finished-at="2020-04-04T08:48:21Z">
          <reporter-output>
          </reporter-output>
        </test-method> <!-- Tc_02 -->
      </class> <!-- com.Testcase.Test_regression -->
    </test> <!-- Default test -->
  </suite> <!-- Default suite -->
</testng-results>
